  [1m[35m (4.1ms)[0m  [1m[35mCREATE TABLE "schema_migrations" ("version" varchar NOT NULL PRIMARY KEY)[0m
  [1m[35m (1.6ms)[0m  [1m[35mCREATE TABLE "ar_internal_metadata" ("key" varchar NOT NULL PRIMARY KEY, "value" varchar, "created_at" datetime(6) NOT NULL, "updated_at" datetime(6) NOT NULL)[0m
  [1m[36mActiveRecord::SchemaMigration Pluck (0.2ms)[0m  [1m[34mSELECT "schema_migrations"."version" FROM "schema_migrations" ORDER BY "schema_migrations"."version" ASC[0m
Migrating to CreateDoctors (20230504101706)
  [1m[36mTRANSACTION (0.1ms)[0m  [1m[36mbegin transaction[0m
  [1m[35m (0.8ms)[0m  [1m[35mCREATE TABLE "doctors" ("id" integer PRIMARY KEY AUTOINCREMENT NOT NULL, "first_name" varchar, "last_name" varchar, "speciality" varchar, "zip_code" varchar, "created_at" datetime(6) NOT NULL, "updated_at" datetime(6) NOT NULL)[0m
  [1m[36mActiveRecord::SchemaMigration Create (0.2ms)[0m  [1m[32mINSERT INTO "schema_migrations" ("version") VALUES (?)[0m  [["version", "20230504101706"]]
  [1m[36mTRANSACTION (1.2ms)[0m  [1m[36mcommit transaction[0m
Migrating to CreatePatients (20230504101810)
  [1m[36mTRANSACTION (0.1ms)[0m  [1m[36mbegin transaction[0m
  [1m[35m (0.5ms)[0m  [1m[35mCREATE TABLE "patients" ("id" integer PRIMARY KEY AUTOINCREMENT NOT NULL, "first_name" varchar, "last_name" varchar, "created_at" datetime(6) NOT NULL, "updated_at" datetime(6) NOT NULL)[0m
  [1m[36mActiveRecord::SchemaMigration Create (0.2ms)[0m  [1m[32mINSERT INTO "schema_migrations" ("version") VALUES (?)[0m  [["version", "20230504101810"]]
  [1m[36mTRANSACTION (1.8ms)[0m  [1m[36mcommit transaction[0m
Migrating to CreateAppointments (20230504101858)
  [1m[36mTRANSACTION (0.2ms)[0m  [1m[36mbegin transaction[0m
  [1m[35m (1.0ms)[0m  [1m[35mCREATE TABLE "appointments" ("id" integer PRIMARY KEY AUTOINCREMENT NOT NULL, "date" datetime(6), "created_at" datetime(6) NOT NULL, "updated_at" datetime(6) NOT NULL)[0m
  [1m[36mActiveRecord::SchemaMigration Create (0.2ms)[0m  [1m[32mINSERT INTO "schema_migrations" ("version") VALUES (?)[0m  [["version", "20230504101858"]]
  [1m[36mTRANSACTION (0.9ms)[0m  [1m[36mcommit transaction[0m
  [1m[36mActiveRecord::InternalMetadata Load (0.3ms)[0m  [1m[34mSELECT "ar_internal_metadata".* FROM "ar_internal_metadata" WHERE "ar_internal_metadata"."key" = ? LIMIT ?[0m  [["key", "environment"], ["LIMIT", 1]]
  [1m[36mTRANSACTION (0.1ms)[0m  [1m[36mbegin transaction[0m
  [1m[36mActiveRecord::InternalMetadata Create (1.0ms)[0m  [1m[32mINSERT INTO "ar_internal_metadata" ("key", "value", "created_at", "updated_at") VALUES (?, ?, ?, ?)[0m  [["key", "environment"], ["value", "development"], ["created_at", "2023-05-04 10:19:19.382761"], ["updated_at", "2023-05-04 10:19:19.382761"]]
  [1m[36mTRANSACTION (1.9ms)[0m  [1m[36mcommit transaction[0m
  [1m[36mActiveRecord::SchemaMigration Pluck (0.2ms)[0m  [1m[34mSELECT "schema_migrations"."version" FROM "schema_migrations" ORDER BY "schema_migrations"."version" ASC[0m
  [1m[36mActiveRecord::SchemaMigration Pluck (0.8ms)[0m  [1m[34mSELECT "schema_migrations"."version" FROM "schema_migrations" ORDER BY "schema_migrations"."version" ASC[0m
  [1m[36mActiveRecord::SchemaMigration Pluck (0.5ms)[0m  [1m[34mSELECT "schema_migrations"."version" FROM "schema_migrations" ORDER BY "schema_migrations"."version" ASC[0m
  [1m[36mActiveRecord::SchemaMigration Pluck (0.1ms)[0m  [1m[34mSELECT "schema_migrations"."version" FROM "schema_migrations" ORDER BY "schema_migrations"."version" ASC[0m
  [1m[36mActiveRecord::SchemaMigration Pluck (0.1ms)[0m  [1m[34mSELECT "schema_migrations"."version" FROM "schema_migrations" ORDER BY "schema_migrations"."version" ASC[0m
  [1m[36mActiveRecord::SchemaMigration Pluck (0.1ms)[0m  [1m[34mSELECT "schema_migrations"."version" FROM "schema_migrations" ORDER BY "schema_migrations"."version" ASC[0m
Migrating to CreateAppointments (20230504101858)
  [1m[36mTRANSACTION (0.5ms)[0m  [1m[36mbegin transaction[0m
  [1m[35m (2.2ms)[0m  [1m[35mDROP TABLE "appointments"[0m
  [1m[36mActiveRecord::SchemaMigration Delete All (0.4ms)[0m  [1m[31mDELETE FROM "schema_migrations" WHERE "schema_migrations"."version" = ?[0m  [["version", "20230504101858"]]
  [1m[36mTRANSACTION (1.3ms)[0m  [1m[36mcommit transaction[0m
  [1m[36mActiveRecord::SchemaMigration Pluck (0.1ms)[0m  [1m[34mSELECT "schema_migrations"."version" FROM "schema_migrations" ORDER BY "schema_migrations"."version" ASC[0m
  [1m[36mActiveRecord::SchemaMigration Pluck (1.8ms)[0m  [1m[34mSELECT "schema_migrations"."version" FROM "schema_migrations" ORDER BY "schema_migrations"."version" ASC[0m
  [1m[36mActiveRecord::SchemaMigration Pluck (0.5ms)[0m  [1m[34mSELECT "schema_migrations"."version" FROM "schema_migrations" ORDER BY "schema_migrations"."version" ASC[0m
Migrating to CreateAppointments (20230504101858)
  [1m[36mTRANSACTION (0.1ms)[0m  [1m[36mbegin transaction[0m
  [1m[35m (1.0ms)[0m  [1m[35mCREATE TABLE "appointments" ("id" integer PRIMARY KEY AUTOINCREMENT NOT NULL, "date" datetime(6), "doctor_id" integer, "created_at" datetime(6) NOT NULL, "updated_at" datetime(6) NOT NULL)[0m
  [1m[35m (0.2ms)[0m  [1m[35mCREATE INDEX "index_appointments_on_doctor_id" ON "appointments" ("doctor_id")[0m
  [1m[36mActiveRecord::SchemaMigration Create (0.5ms)[0m  [1m[32mINSERT INTO "schema_migrations" ("version") VALUES (?)[0m  [["version", "20230504101858"]]
  [1m[36mTRANSACTION (3.8ms)[0m  [1m[36mcommit transaction[0m
  [1m[36mActiveRecord::InternalMetadata Load (0.8ms)[0m  [1m[34mSELECT "ar_internal_metadata".* FROM "ar_internal_metadata" WHERE "ar_internal_metadata"."key" = ? LIMIT ?[0m  [["key", "environment"], ["LIMIT", 1]]
  [1m[36mActiveRecord::SchemaMigration Pluck (0.1ms)[0m  [1m[34mSELECT "schema_migrations"."version" FROM "schema_migrations" ORDER BY "schema_migrations"."version" ASC[0m
  [1m[36mActiveRecord::SchemaMigration Pluck (0.3ms)[0m  [1m[34mSELECT "schema_migrations"."version" FROM "schema_migrations" ORDER BY "schema_migrations"."version" ASC[0m
  [1m[36mActiveRecord::SchemaMigration Pluck (0.1ms)[0m  [1m[34mSELECT "schema_migrations"."version" FROM "schema_migrations" ORDER BY "schema_migrations"."version" ASC[0m
  [1m[36mActiveRecord::SchemaMigration Pluck (0.1ms)[0m  [1m[34mSELECT "schema_migrations"."version" FROM "schema_migrations" ORDER BY "schema_migrations"."version" ASC[0m
  [1m[36mActiveRecord::SchemaMigration Pluck (0.1ms)[0m  [1m[34mSELECT "schema_migrations"."version" FROM "schema_migrations" ORDER BY "schema_migrations"."version" ASC[0m
  [1m[36mActiveRecord::SchemaMigration Pluck (0.1ms)[0m  [1m[34mSELECT "schema_migrations"."version" FROM "schema_migrations" ORDER BY "schema_migrations"."version" ASC[0m
Migrating to CreateAppointments (20230504101858)
  [1m[36mTRANSACTION (0.1ms)[0m  [1m[36mbegin transaction[0m
  [1m[35m (1.9ms)[0m  [1m[35mDROP TABLE "appointments"[0m
  [1m[36mActiveRecord::SchemaMigration Delete All (0.8ms)[0m  [1m[31mDELETE FROM "schema_migrations" WHERE "schema_migrations"."version" = ?[0m  [["version", "20230504101858"]]
  [1m[36mTRANSACTION (2.4ms)[0m  [1m[36mcommit transaction[0m
  [1m[36mActiveRecord::SchemaMigration Pluck (0.1ms)[0m  [1m[34mSELECT "schema_migrations"."version" FROM "schema_migrations" ORDER BY "schema_migrations"."version" ASC[0m
  [1m[36mActiveRecord::SchemaMigration Pluck (0.3ms)[0m  [1m[34mSELECT "schema_migrations"."version" FROM "schema_migrations" ORDER BY "schema_migrations"."version" ASC[0m
Migrating to CreateAppointments (20230504101858)
  [1m[36mTRANSACTION (0.1ms)[0m  [1m[36mbegin transaction[0m
  [1m[35m (1.1ms)[0m  [1m[35mCREATE TABLE "appointments" ("id" integer PRIMARY KEY AUTOINCREMENT NOT NULL, "date" datetime(6), "doctor_id" integer, "patient_id" integer, "created_at" datetime(6) NOT NULL, "updated_at" datetime(6) NOT NULL)[0m
  [1m[35m (0.2ms)[0m  [1m[35mCREATE INDEX "index_appointments_on_doctor_id" ON "appointments" ("doctor_id")[0m
  [1m[35m (0.1ms)[0m  [1m[35mCREATE INDEX "index_appointments_on_patient_id" ON "appointments" ("patient_id")[0m
  [1m[36mActiveRecord::SchemaMigration Create (0.5ms)[0m  [1m[32mINSERT INTO "schema_migrations" ("version") VALUES (?)[0m  [["version", "20230504101858"]]
  [1m[36mTRANSACTION (1.3ms)[0m  [1m[36mcommit transaction[0m
  [1m[36mActiveRecord::InternalMetadata Load (3.0ms)[0m  [1m[34mSELECT "ar_internal_metadata".* FROM "ar_internal_metadata" WHERE "ar_internal_metadata"."key" = ? LIMIT ?[0m  [["key", "environment"], ["LIMIT", 1]]
  [1m[36mActiveRecord::SchemaMigration Pluck (0.6ms)[0m  [1m[34mSELECT "schema_migrations"."version" FROM "schema_migrations" ORDER BY "schema_migrations"."version" ASC[0m
  [1m[36mActiveRecord::SchemaMigration Pluck (0.5ms)[0m  [1m[34mSELECT "schema_migrations"."version" FROM "schema_migrations" ORDER BY "schema_migrations"."version" ASC[0m
  [1m[36mTRANSACTION (0.0ms)[0m  [1m[36mbegin transaction[0m
  [1m[36mDoctor Create (0.7ms)[0m  [1m[32mINSERT INTO "doctors" ("first_name", "last_name", "speciality", "zip_code", "created_at", "updated_at") VALUES (?, ?, ?, ?, ?, ?)[0m  [["first_name", "Pedro"], ["last_name", "Pauleta"], ["speciality", "Dentiste"], ["zip_code", "78710"], ["created_at", "2023-05-04 12:42:47.087859"], ["updated_at", "2023-05-04 12:42:47.087859"]]
  [1m[36mTRANSACTION (0.6ms)[0m  [1m[36mcommit transaction[0m
  [1m[36mActiveRecord::SchemaMigration Pluck (0.5ms)[0m  [1m[34mSELECT "schema_migrations"."version" FROM "schema_migrations" ORDER BY "schema_migrations"."version" ASC[0m
  [1m[36mTRANSACTION (0.1ms)[0m  [1m[36mbegin transaction[0m
  [1m[36mDoctor Create (1.2ms)[0m  [1m[32mINSERT INTO "doctors" ("first_name", "last_name", "speciality", "zip_code", "created_at", "updated_at") VALUES (?, ?, ?, ?, ?, ?)[0m  [["first_name", "Pedro"], ["last_name", "Pauleta"], ["speciality", "Dentiste"], ["zip_code", "78710"], ["created_at", "2023-05-04 12:46:51.393638"], ["updated_at", "2023-05-04 12:46:51.393638"]]
  [1m[36mTRANSACTION (0.8ms)[0m  [1m[36mcommit transaction[0m
  [1m[36mTRANSACTION (0.0ms)[0m  [1m[36mbegin transaction[0m
  [1m[36mDoctor Create (0.4ms)[0m  [1m[32mINSERT INTO "doctors" ("first_name", "last_name", "speciality", "zip_code", "created_at", "updated_at") VALUES (?, ?, ?, ?, ?, ?)[0m  [["first_name", "Andrea"], ["last_name", "Pirlo"], ["speciality", "Généraliste"], ["zip_code", "78840"], ["created_at", "2023-05-04 12:46:51.399490"], ["updated_at", "2023-05-04 12:46:51.399490"]]
  [1m[36mTRANSACTION (1.1ms)[0m  [1m[36mcommit transaction[0m
  [1m[36mActiveRecord::SchemaMigration Pluck (0.4ms)[0m  [1m[34mSELECT "schema_migrations"."version" FROM "schema_migrations" ORDER BY "schema_migrations"."version" ASC[0m
  [1m[36mDoctor Load (0.9ms)[0m  [1m[34mSELECT "doctors".* FROM "doctors" WHERE "doctors"."id" = ? LIMIT ?[0m  [["id", 2], ["LIMIT", 1]]
  [1m[36mTRANSACTION (0.1ms)[0m  [1m[36mbegin transaction[0m
  [1m[36mDoctor Update (0.5ms)[0m  [1m[33mUPDATE "doctors" SET "first_name" = ?, "updated_at" = ? WHERE "doctors"."id" = ?[0m  [["first_name", "Jay-Jay"], ["updated_at", "2023-05-04 12:54:22.597691"], ["id", 2]]
  [1m[36mTRANSACTION (2.6ms)[0m  [1m[36mcommit transaction[0m
  [1m[36mDoctor Load (0.2ms)[0m  [1m[34mSELECT "doctors".* FROM "doctors" WHERE "doctors"."id" = ? LIMIT ?[0m  [["id", 2], ["LIMIT", 1]]
  [1m[36mTRANSACTION (0.1ms)[0m  [1m[36mbegin transaction[0m
  [1m[36mDoctor Update (0.4ms)[0m  [1m[33mUPDATE "doctors" SET "last_name" = ?, "updated_at" = ? WHERE "doctors"."id" = ?[0m  [["last_name", "Okocha"], ["updated_at", "2023-05-04 12:55:08.717539"], ["id", 2]]
  [1m[36mTRANSACTION (1.8ms)[0m  [1m[36mcommit transaction[0m
  [1m[36mDoctor Load (0.2ms)[0m  [1m[34mSELECT "doctors".* FROM "doctors" WHERE "doctors"."id" = ? LIMIT ?[0m  [["id", 2], ["LIMIT", 1]]
  [1m[36mTRANSACTION (0.1ms)[0m  [1m[36mbegin transaction[0m
  [1m[36mDoctor Update (0.5ms)[0m  [1m[33mUPDATE "doctors" SET "speciality" = ?, "updated_at" = ? WHERE "doctors"."id" = ?[0m  [["speciality", "Kiné"], ["updated_at", "2023-05-04 12:56:08.125510"], ["id", 2]]
  [1m[36mTRANSACTION (1.8ms)[0m  [1m[36mcommit transaction[0m
  [1m[36mDoctor Load (0.2ms)[0m  [1m[34mSELECT "doctors".* FROM "doctors" WHERE "doctors"."id" = ? LIMIT ?[0m  [["id", 2], ["LIMIT", 1]]
  [1m[36mTRANSACTION (0.1ms)[0m  [1m[36mbegin transaction[0m
  [1m[36mDoctor Update (0.6ms)[0m  [1m[33mUPDATE "doctors" SET "zip_code" = ?, "updated_at" = ? WHERE "doctors"."id" = ?[0m  [["zip_code", "78270"], ["updated_at", "2023-05-04 12:57:24.577081"], ["id", 2]]
  [1m[36mTRANSACTION (2.6ms)[0m  [1m[36mcommit transaction[0m
  [1m[36mActiveRecord::SchemaMigration Pluck (0.2ms)[0m  [1m[34mSELECT "schema_migrations"."version" FROM "schema_migrations" ORDER BY "schema_migrations"."version" ASC[0m
  [1m[36mTRANSACTION (0.0ms)[0m  [1m[36mbegin transaction[0m
  [1m[36mPatient Create (0.4ms)[0m  [1m[32mINSERT INTO "patients" ("first_name", "last_name", "created_at", "updated_at") VALUES (?, ?, ?, ?)[0m  [["first_name", "Samuel"], ["last_name", "Quenouille"], ["created_at", "2023-05-04 13:01:54.996731"], ["updated_at", "2023-05-04 13:01:54.996731"]]
  [1m[36mTRANSACTION (1.2ms)[0m  [1m[36mcommit transaction[0m
  [1m[36mTRANSACTION (0.0ms)[0m  [1m[36mbegin transaction[0m
  [1m[36mPatient Create (0.3ms)[0m  [1m[32mINSERT INTO "patients" ("first_name", "last_name", "created_at", "updated_at") VALUES (?, ?, ?, ?)[0m  [["first_name", "Amara"], ["last_name", "Diané"], ["created_at", "2023-05-04 13:01:55.000985"], ["updated_at", "2023-05-04 13:01:55.000985"]]
  [1m[36mTRANSACTION (1.2ms)[0m  [1m[36mcommit transaction[0m
  [1m[36mTRANSACTION (0.0ms)[0m  [1m[36mbegin transaction[0m
  [1m[36mPatient Create (0.4ms)[0m  [1m[32mINSERT INTO "patients" ("first_name", "last_name", "created_at", "updated_at") VALUES (?, ?, ?, ?)[0m  [["first_name", "Mario"], ["last_name", "Yepes"], ["created_at", "2023-05-04 13:01:55.004788"], ["updated_at", "2023-05-04 13:01:55.004788"]]
  [1m[36mTRANSACTION (0.6ms)[0m  [1m[36mcommit transaction[0m
  [1m[36mTRANSACTION (0.0ms)[0m  [1m[36mbegin transaction[0m
  [1m[36mPatient Create (0.5ms)[0m  [1m[32mINSERT INTO "patients" ("first_name", "last_name", "created_at", "updated_at") VALUES (?, ?, ?, ?)[0m  [["first_name", "Sylvain"], ["last_name", "Armand"], ["created_at", "2023-05-04 13:01:55.008101"], ["updated_at", "2023-05-04 13:01:55.008101"]]
  [1m[36mTRANSACTION (0.6ms)[0m  [1m[36mcommit transaction[0m
  [1m[36mTRANSACTION (0.1ms)[0m  [1m[36mbegin transaction[0m
  [1m[36mDoctor Create (0.6ms)[0m  [1m[32mINSERT INTO "doctors" ("first_name", "last_name", "speciality", "zip_code", "created_at", "updated_at") VALUES (?, ?, ?, ?, ?, ?)[0m  [["first_name", nil], ["last_name", nil], ["speciality", nil], ["zip_code", nil], ["created_at", "2023-05-04 13:34:55.985701"], ["updated_at", "2023-05-04 13:34:55.985701"]]
  [1m[36mTRANSACTION (0.8ms)[0m  [1m[36mcommit transaction[0m
  [1m[36mTRANSACTION (0.1ms)[0m  [1m[36mbegin transaction[0m
  [1m[36mPatient Create (0.5ms)[0m  [1m[32mINSERT INTO "patients" ("first_name", "last_name", "created_at", "updated_at") VALUES (?, ?, ?, ?)[0m  [["first_name", nil], ["last_name", nil], ["created_at", "2023-05-04 13:35:11.848901"], ["updated_at", "2023-05-04 13:35:11.848901"]]
  [1m[36mTRANSACTION (2.0ms)[0m  [1m[36mcommit transaction[0m
  [1m[36mTRANSACTION (0.1ms)[0m  [1m[36mbegin transaction[0m
  [1m[36mAppointment Create (0.5ms)[0m  [1m[32mINSERT INTO "appointments" ("date", "doctor_id", "patient_id", "created_at", "updated_at") VALUES (?, ?, ?, ?, ?)[0m  [["date", nil], ["doctor_id", 4], ["patient_id", 5], ["created_at", "2023-05-04 13:35:48.986712"], ["updated_at", "2023-05-04 13:35:48.986712"]]
  [1m[36mTRANSACTION (0.5ms)[0m  [1m[36mcommit transaction[0m
  [1m[36mPatient Load (0.4ms)[0m  [1m[34mSELECT "patients".* FROM "patients" INNER JOIN "appointments" ON "patients"."id" = "appointments"."patient_id" WHERE "appointments"."doctor_id" = ?[0m  [["doctor_id", 4]]
  [1m[36mDoctor Load (0.2ms)[0m  [1m[34mSELECT "doctors".* FROM "doctors" INNER JOIN "appointments" ON "doctors"."id" = "appointments"."doctor_id" WHERE "appointments"."patient_id" = ?[0m  [["patient_id", 5]]
  [1m[36mActiveRecord::SchemaMigration Pluck (0.4ms)[0m  [1m[34mSELECT "schema_migrations"."version" FROM "schema_migrations" ORDER BY "schema_migrations"."version" ASC[0m
  [1m[36mActiveRecord::SchemaMigration Pluck (0.3ms)[0m  [1m[34mSELECT "schema_migrations"."version" FROM "schema_migrations" ORDER BY "schema_migrations"."version" ASC[0m
  [1m[36mActiveRecord::SchemaMigration Pluck (0.2ms)[0m  [1m[34mSELECT "schema_migrations"."version" FROM "schema_migrations" ORDER BY "schema_migrations"."version" ASC[0m
  [1m[36mDoctor Load (0.3ms)[0m  [1m[34mSELECT "doctors".* FROM "doctors"[0m
  [1m[36mPatient Load (2.0ms)[0m  [1m[34mSELECT "patients".* FROM "patients"[0m
  [1m[36mDoctor Load (1.0ms)[0m  [1m[34mSELECT "doctors".* FROM "doctors" WHERE "doctors"."id" = ? LIMIT ?[0m  [["id", 1], ["LIMIT", 1]]
  [1m[36mPatient Load (0.2ms)[0m  [1m[34mSELECT "patients".* FROM "patients" WHERE "patients"."id" = ? LIMIT ?[0m  [["id", 3], ["LIMIT", 1]]
  [1m[36mTRANSACTION (0.1ms)[0m  [1m[36mbegin transaction[0m
  [1m[36mAppointment Create (3.9ms)[0m  [1m[32mINSERT INTO "appointments" ("date", "doctor_id", "patient_id", "created_at", "updated_at") VALUES (?, ?, ?, ?, ?)[0m  [["date", nil], ["doctor_id", 1], ["patient_id", 3], ["created_at", "2023-05-04 14:33:49.456397"], ["updated_at", "2023-05-04 14:33:49.456397"]]
  [1m[36mTRANSACTION (1.9ms)[0m  [1m[36mcommit transaction[0m
  [1m[36mAppointment Load (0.2ms)[0m  [1m[34mSELECT "appointments".* FROM "appointments"[0m
  [1m[36mActiveRecord::SchemaMigration Pluck (0.4ms)[0m  [1m[34mSELECT "schema_migrations"."version" FROM "schema_migrations" ORDER BY "schema_migrations"."version" ASC[0m
  [1m[36mActiveRecord::SchemaMigration Pluck (0.5ms)[0m  [1m[34mSELECT "schema_migrations"."version" FROM "schema_migrations" ORDER BY "schema_migrations"."version" ASC[0m
Migrating to CreateCities (20230504163141)
  [1m[36mTRANSACTION (0.1ms)[0m  [1m[36mbegin transaction[0m
  [1m[35m (0.5ms)[0m  [1m[35mCREATE TABLE "cities" ("id" integer PRIMARY KEY AUTOINCREMENT NOT NULL, "zip_code" varchar, "created_at" datetime(6) NOT NULL, "updated_at" datetime(6) NOT NULL)[0m
  [1m[36mActiveRecord::SchemaMigration Create (0.4ms)[0m  [1m[32mINSERT INTO "schema_migrations" ("version") VALUES (?)[0m  [["version", "20230504163141"]]
  [1m[36mTRANSACTION (0.8ms)[0m  [1m[36mcommit transaction[0m
  [1m[36mActiveRecord::InternalMetadata Load (0.8ms)[0m  [1m[34mSELECT "ar_internal_metadata".* FROM "ar_internal_metadata" WHERE "ar_internal_metadata"."key" = ? LIMIT ?[0m  [["key", "environment"], ["LIMIT", 1]]
  [1m[36mActiveRecord::SchemaMigration Pluck (0.1ms)[0m  [1m[34mSELECT "schema_migrations"."version" FROM "schema_migrations" ORDER BY "schema_migrations"."version" ASC[0m
  [1m[36mActiveRecord::SchemaMigration Pluck (0.3ms)[0m  [1m[34mSELECT "schema_migrations"."version" FROM "schema_migrations" ORDER BY "schema_migrations"."version" ASC[0m
  [1m[36mTRANSACTION (0.0ms)[0m  [1m[36mbegin transaction[0m
  [1m[36mCity Create (1.0ms)[0m  [1m[32mINSERT INTO "cities" ("zip_code", "created_at", "updated_at") VALUES (?, ?, ?)[0m  [["zip_code", "92000"], ["created_at", "2023-05-04 16:45:19.872978"], ["updated_at", "2023-05-04 16:45:19.872978"]]
  [1m[36mTRANSACTION (0.9ms)[0m  [1m[36mcommit transaction[0m
  [1m[36mTRANSACTION (0.0ms)[0m  [1m[36mbegin transaction[0m
  [1m[36mCity Create (0.3ms)[0m  [1m[32mINSERT INTO "cities" ("zip_code", "created_at", "updated_at") VALUES (?, ?, ?)[0m  [["zip_code", "75000"], ["created_at", "2023-05-04 16:45:19.877839"], ["updated_at", "2023-05-04 16:45:19.877839"]]
  [1m[36mTRANSACTION (0.6ms)[0m  [1m[36mcommit transaction[0m
  [1m[36mTRANSACTION (0.0ms)[0m  [1m[36mbegin transaction[0m
  [1m[36mCity Create (0.3ms)[0m  [1m[32mINSERT INTO "cities" ("zip_code", "created_at", "updated_at") VALUES (?, ?, ?)[0m  [["zip_code", "80000"], ["created_at", "2023-05-04 16:45:19.880796"], ["updated_at", "2023-05-04 16:45:19.880796"]]
  [1m[36mTRANSACTION (0.8ms)[0m  [1m[36mcommit transaction[0m
  [1m[36mTRANSACTION (0.0ms)[0m  [1m[36mbegin transaction[0m
  [1m[36mCity Create (0.5ms)[0m  [1m[32mINSERT INTO "cities" ("zip_code", "created_at", "updated_at") VALUES (?, ?, ?)[0m  [["zip_code", "60000"], ["created_at", "2023-05-04 16:45:19.892210"], ["updated_at", "2023-05-04 16:45:19.892210"]]
  [1m[36mTRANSACTION (1.0ms)[0m  [1m[36mcommit transaction[0m
  [1m[36mActiveRecord::SchemaMigration Pluck (0.2ms)[0m  [1m[34mSELECT "schema_migrations"."version" FROM "schema_migrations" ORDER BY "schema_migrations"."version" ASC[0m
Migrating to CreateSpecialties (20230504165527)
  [1m[36mTRANSACTION (0.1ms)[0m  [1m[36mbegin transaction[0m
  [1m[35m (0.6ms)[0m  [1m[35mCREATE TABLE "specialties" ("id" integer PRIMARY KEY AUTOINCREMENT NOT NULL, "name" varchar, "created_at" datetime(6) NOT NULL, "updated_at" datetime(6) NOT NULL)[0m
  [1m[36mActiveRecord::SchemaMigration Create (0.2ms)[0m  [1m[32mINSERT INTO "schema_migrations" ("version") VALUES (?)[0m  [["version", "20230504165527"]]
  [1m[36mTRANSACTION (0.8ms)[0m  [1m[36mcommit transaction[0m
Migrating to Removespecialtydoctor (20230504170437)
  [1m[36mTRANSACTION (0.0ms)[0m  [1m[36mbegin transaction[0m
  [1m[35m (0.7ms)[0m  [1m[35mPRAGMA foreign_keys[0m
  [1m[35m (0.1ms)[0m  [1m[35mPRAGMA defer_foreign_keys[0m
  [1m[35m (0.1ms)[0m  [1m[35mPRAGMA defer_foreign_keys = ON[0m
  [1m[35m (0.0ms)[0m  [1m[35mPRAGMA foreign_keys = OFF[0m
  [1m[35m (0.2ms)[0m  [1m[35mCREATE TEMPORARY TABLE "adoctors" ("id" integer NOT NULL PRIMARY KEY, "first_name" varchar DEFAULT NULL, "last_name" varchar DEFAULT NULL, "speciality" varchar DEFAULT NULL, "zip_code" varchar DEFAULT NULL, "created_at" datetime(6) NOT NULL, "updated_at" datetime(6) NOT NULL)[0m
  [1m[35m (0.1ms)[0m  [1m[32mINSERT INTO "adoctors" ("id","first_name","last_name","speciality","zip_code","created_at","updated_at")
                     SELECT "id","first_name","last_name","speciality","zip_code","created_at","updated_at" FROM "doctors"[0m
  [1m[35m (1.9ms)[0m  [1m[35mDROP TABLE "doctors"[0m
  [1m[35m (0.4ms)[0m  [1m[35mCREATE TABLE "doctors" ("id" integer NOT NULL PRIMARY KEY, "first_name" varchar DEFAULT NULL, "last_name" varchar DEFAULT NULL, "speciality" varchar DEFAULT NULL, "zip_code" varchar DEFAULT NULL, "created_at" datetime(6) NOT NULL, "updated_at" datetime(6) NOT NULL)[0m
  [1m[35m (0.1ms)[0m  [1m[32mINSERT INTO "doctors" ("id","first_name","last_name","speciality","zip_code","created_at","updated_at")
                     SELECT "id","first_name","last_name","speciality","zip_code","created_at","updated_at" FROM "adoctors"[0m
  [1m[35m (0.1ms)[0m  [1m[35mDROP TABLE "adoctors"[0m
  [1m[35m (0.1ms)[0m  [1m[35mPRAGMA defer_foreign_keys = 0[0m
  [1m[35m (0.0ms)[0m  [1m[35mPRAGMA foreign_keys = 1[0m
  [1m[36mActiveRecord::SchemaMigration Create (0.1ms)[0m  [1m[32mINSERT INTO "schema_migrations" ("version") VALUES (?)[0m  [["version", "20230504170437"]]
  [1m[36mTRANSACTION (1.0ms)[0m  [1m[36mcommit transaction[0m
  [1m[36mActiveRecord::InternalMetadata Load (0.2ms)[0m  [1m[34mSELECT "ar_internal_metadata".* FROM "ar_internal_metadata" WHERE "ar_internal_metadata"."key" = ? LIMIT ?[0m  [["key", "environment"], ["LIMIT", 1]]
  [1m[36mActiveRecord::SchemaMigration Pluck (0.1ms)[0m  [1m[34mSELECT "schema_migrations"."version" FROM "schema_migrations" ORDER BY "schema_migrations"."version" ASC[0m
  [1m[36mActiveRecord::SchemaMigration Pluck (0.3ms)[0m  [1m[34mSELECT "schema_migrations"."version" FROM "schema_migrations" ORDER BY "schema_migrations"."version" ASC[0m
Migrating to Changeappointments (20230504172945)
  [1m[36mTRANSACTION (0.1ms)[0m  [1m[36mbegin transaction[0m
  [1m[35m (2.7ms)[0m  [1m[35mALTER TABLE "appointments" ADD "cities_id" integer[0m
  [1m[35m (0.7ms)[0m  [1m[35mCREATE INDEX "index_appointments_on_cities_id" ON "appointments" ("cities_id")[0m
  [1m[35m (0.0ms)[0m  [1m[35mPRAGMA foreign_keys[0m
  [1m[35m (0.0ms)[0m  [1m[35mPRAGMA defer_foreign_keys[0m
  [1m[35m (0.0ms)[0m  [1m[35mPRAGMA defer_foreign_keys = ON[0m
  [1m[35m (0.0ms)[0m  [1m[35mPRAGMA foreign_keys = OFF[0m
  [1m[35m (0.1ms)[0m  [1m[35mCREATE TEMPORARY TABLE "aappointments" ("id" integer NOT NULL PRIMARY KEY, "date" datetime(6) DEFAULT NULL, "doctor_id" integer DEFAULT NULL, "patient_id" integer DEFAULT NULL, "created_at" datetime(6) NOT NULL, "updated_at" datetime(6) NOT NULL, "cities_id" integer DEFAULT NULL)[0m
  [1m[35m (0.1ms)[0m  [1m[35mCREATE INDEX "tindex_aappointments_on_cities_id" ON "aappointments" ("cities_id")[0m
  [1m[35m (0.1ms)[0m  [1m[35mCREATE INDEX "tindex_aappointments_on_patient_id" ON "aappointments" ("patient_id")[0m
  [1m[35m (0.1ms)[0m  [1m[35mCREATE INDEX "tindex_aappointments_on_doctor_id" ON "aappointments" ("doctor_id")[0m
  [1m[35m (0.1ms)[0m  [1m[32mINSERT INTO "aappointments" ("id","date","doctor_id","patient_id","created_at","updated_at","cities_id")
                     SELECT "id","date","doctor_id","patient_id","created_at","updated_at","cities_id" FROM "appointments"[0m
  [1m[35m (1.4ms)[0m  [1m[35mDROP TABLE "appointments"[0m
  [1m[35m (0.1ms)[0m  [1m[35mCREATE TABLE "appointments" ("id" integer NOT NULL PRIMARY KEY, "date" datetime(6) DEFAULT NULL, "doctor_id" integer DEFAULT NULL, "patient_id" integer DEFAULT NULL, "created_at" datetime(6) NOT NULL, "updated_at" datetime(6) NOT NULL, "cities_id" integer DEFAULT NULL, CONSTRAINT "fk_rails_e0ecbc29d6"
FOREIGN KEY ("cities_id")
  REFERENCES "cities" ("id")
)[0m
  [1m[35m (0.1ms)[0m  [1m[35mCREATE INDEX "index_appointments_on_doctor_id" ON "appointments" ("doctor_id")[0m
  [1m[35m (0.1ms)[0m  [1m[35mCREATE INDEX "index_appointments_on_patient_id" ON "appointments" ("patient_id")[0m
  [1m[35m (0.1ms)[0m  [1m[35mCREATE INDEX "index_appointments_on_cities_id" ON "appointments" ("cities_id")[0m
  [1m[35m (0.4ms)[0m  [1m[32mINSERT INTO "appointments" ("id","date","doctor_id","patient_id","created_at","updated_at","cities_id")
                     SELECT "id","date","doctor_id","patient_id","created_at","updated_at","cities_id" FROM "aappointments"[0m
  [1m[35m (0.2ms)[0m  [1m[35mDROP TABLE "aappointments"[0m
  [1m[35m (0.1ms)[0m  [1m[35mPRAGMA defer_foreign_keys = 0[0m
  [1m[35m (0.1ms)[0m  [1m[35mPRAGMA foreign_keys = 1[0m
  [1m[36mActiveRecord::SchemaMigration Create (0.7ms)[0m  [1m[32mINSERT INTO "schema_migrations" ("version") VALUES (?)[0m  [["version", "20230504172945"]]
  [1m[36mTRANSACTION (1.3ms)[0m  [1m[36mcommit transaction[0m
  [1m[36mActiveRecord::InternalMetadata Load (0.8ms)[0m  [1m[34mSELECT "ar_internal_metadata".* FROM "ar_internal_metadata" WHERE "ar_internal_metadata"."key" = ? LIMIT ?[0m  [["key", "environment"], ["LIMIT", 1]]
  [1m[36mActiveRecord::SchemaMigration Pluck (0.1ms)[0m  [1m[34mSELECT "schema_migrations"."version" FROM "schema_migrations" ORDER BY "schema_migrations"."version" ASC[0m
  [1m[36mDoctor Load (0.4ms)[0m  [1m[34mSELECT "doctors".* FROM "doctors" WHERE "doctors"."id" = ? LIMIT ?[0m  [["id", 3], ["LIMIT", 1]]
  [1m[36mPatient Load (1.8ms)[0m  [1m[34mSELECT "patients".* FROM "patients" WHERE "patients"."id" = ? LIMIT ?[0m  [["id", 4], ["LIMIT", 1]]
  [1m[36mCity Load (1.7ms)[0m  [1m[34mSELECT "cities".* FROM "cities" WHERE "cities"."id" = ? LIMIT ?[0m  [["id", 3], ["LIMIT", 1]]
  [1m[36mDoctor Load (0.2ms)[0m  [1m[34mSELECT "doctors".* FROM "doctors" WHERE "doctors"."id" = ? LIMIT ?[0m  [["id", 2], ["LIMIT", 1]]
  [1m[36mPatient Load (0.1ms)[0m  [1m[34mSELECT "patients".* FROM "patients" WHERE "patients"."id" = ? LIMIT ?[0m  [["id", 4], ["LIMIT", 1]]
  [1m[36mCity Load (0.1ms)[0m  [1m[34mSELECT "cities".* FROM "cities" WHERE "cities"."id" = ? LIMIT ?[0m  [["id", 3], ["LIMIT", 1]]
  [1m[36mActiveRecord::SchemaMigration Pluck (0.5ms)[0m  [1m[34mSELECT "schema_migrations"."version" FROM "schema_migrations" ORDER BY "schema_migrations"."version" ASC[0m
  [1m[36mActiveRecord::InternalMetadata Load (0.9ms)[0m  [1m[34mSELECT "ar_internal_metadata".* FROM "ar_internal_metadata" WHERE "ar_internal_metadata"."key" = ? LIMIT ?[0m  [["key", "environment"], ["LIMIT", 1]]
  [1m[36mActiveRecord::SchemaMigration Pluck (0.2ms)[0m  [1m[34mSELECT "schema_migrations"."version" FROM "schema_migrations" ORDER BY "schema_migrations"."version" ASC[0m
  [1m[36mActiveRecord::SchemaMigration Pluck (0.5ms)[0m  [1m[34mSELECT "schema_migrations"."version" FROM "schema_migrations" ORDER BY "schema_migrations"."version" ASC[0m
  [1m[36mDoctor Load (0.3ms)[0m  [1m[34mSELECT "doctors".* FROM "doctors" WHERE "doctors"."id" = ? LIMIT ?[0m  [["id", 3], ["LIMIT", 1]]
  [1m[36mPatient Load (1.7ms)[0m  [1m[34mSELECT "patients".* FROM "patients" WHERE "patients"."id" = ? LIMIT ?[0m  [["id", 4], ["LIMIT", 1]]
  [1m[36mCity Load (1.7ms)[0m  [1m[34mSELECT "cities".* FROM "cities" WHERE "cities"."id" = ? LIMIT ?[0m  [["id", 3], ["LIMIT", 1]]
  [1m[36mActiveRecord::SchemaMigration Pluck (0.2ms)[0m  [1m[34mSELECT "schema_migrations"."version" FROM "schema_migrations" ORDER BY "schema_migrations"."version" ASC[0m
Migrating to Changeappointments2 (20230504180412)
  [1m[36mTRANSACTION (0.1ms)[0m  [1m[36mbegin transaction[0m
  [1m[35m (0.9ms)[0m  [1m[35mALTER TABLE "patients" ADD "city_id" integer[0m
  [1m[35m (0.3ms)[0m  [1m[35mCREATE INDEX "index_patients_on_city_id" ON "patients" ("city_id")[0m
  [1m[35m (0.0ms)[0m  [1m[35mPRAGMA foreign_keys[0m
  [1m[35m (0.1ms)[0m  [1m[35mPRAGMA defer_foreign_keys[0m
  [1m[35m (0.2ms)[0m  [1m[35mPRAGMA defer_foreign_keys = ON[0m
  [1m[35m (0.0ms)[0m  [1m[35mPRAGMA foreign_keys = OFF[0m
  [1m[35m (0.2ms)[0m  [1m[35mCREATE TEMPORARY TABLE "apatients" ("id" integer NOT NULL PRIMARY KEY, "first_name" varchar DEFAULT NULL, "last_name" varchar DEFAULT NULL, "created_at" datetime(6) NOT NULL, "updated_at" datetime(6) NOT NULL, "city_id" integer DEFAULT NULL)[0m
  [1m[35m (0.1ms)[0m  [1m[35mCREATE INDEX "tindex_apatients_on_city_id" ON "apatients" ("city_id")[0m
  [1m[35m (0.1ms)[0m  [1m[32mINSERT INTO "apatients" ("id","first_name","last_name","created_at","updated_at","city_id")
                     SELECT "id","first_name","last_name","created_at","updated_at","city_id" FROM "patients"[0m
  [1m[35m (0.3ms)[0m  [1m[35mDROP TABLE "patients"[0m
  [1m[35m (0.2ms)[0m  [1m[35mCREATE TABLE "patients" ("id" integer NOT NULL PRIMARY KEY, "first_name" varchar DEFAULT NULL, "last_name" varchar DEFAULT NULL, "created_at" datetime(6) NOT NULL, "updated_at" datetime(6) NOT NULL, "city_id" integer DEFAULT NULL, CONSTRAINT "fk_rails_5f4f0a6f13"
FOREIGN KEY ("city_id")
  REFERENCES "cities" ("id")
)[0m
  [1m[35m (0.1ms)[0m  [1m[35mCREATE INDEX "index_patients_on_city_id" ON "patients" ("city_id")[0m
  [1m[35m (0.1ms)[0m  [1m[32mINSERT INTO "patients" ("id","first_name","last_name","created_at","updated_at","city_id")
                     SELECT "id","first_name","last_name","created_at","updated_at","city_id" FROM "apatients"[0m
  [1m[35m (0.1ms)[0m  [1m[35mDROP TABLE "apatients"[0m
  [1m[35m (0.1ms)[0m  [1m[35mPRAGMA defer_foreign_keys = 0[0m
  [1m[35m (0.0ms)[0m  [1m[35mPRAGMA foreign_keys = 1[0m
  [1m[35m (0.3ms)[0m  [1m[35mALTER TABLE "doctors" ADD "city_id" integer[0m
  [1m[35m (0.1ms)[0m  [1m[35mCREATE INDEX "index_doctors_on_city_id" ON "doctors" ("city_id")[0m
  [1m[35m (0.0ms)[0m  [1m[35mPRAGMA foreign_keys[0m
  [1m[35m (0.2ms)[0m  [1m[35mPRAGMA defer_foreign_keys[0m
  [1m[35m (0.1ms)[0m  [1m[35mPRAGMA defer_foreign_keys = ON[0m
  [1m[35m (0.0ms)[0m  [1m[35mPRAGMA foreign_keys = OFF[0m
  [1m[35m (0.1ms)[0m  [1m[35mCREATE TEMPORARY TABLE "adoctors" ("id" integer NOT NULL PRIMARY KEY, "first_name" varchar DEFAULT NULL, "last_name" varchar DEFAULT NULL, "speciality" varchar DEFAULT NULL, "zip_code" varchar DEFAULT NULL, "created_at" datetime(6) NOT NULL, "updated_at" datetime(6) NOT NULL, "city_id" integer DEFAULT NULL)[0m
  [1m[35m (0.1ms)[0m  [1m[35mCREATE INDEX "tindex_adoctors_on_city_id" ON "adoctors" ("city_id")[0m
  [1m[35m (0.1ms)[0m  [1m[32mINSERT INTO "adoctors" ("id","first_name","last_name","speciality","zip_code","created_at","updated_at","city_id")
                     SELECT "id","first_name","last_name","speciality","zip_code","created_at","updated_at","city_id" FROM "doctors"[0m
  [1m[35m (0.1ms)[0m  [1m[35mDROP TABLE "doctors"[0m
  [1m[35m (0.2ms)[0m  [1m[35mCREATE TABLE "doctors" ("id" integer NOT NULL PRIMARY KEY, "first_name" varchar DEFAULT NULL, "last_name" varchar DEFAULT NULL, "speciality" varchar DEFAULT NULL, "zip_code" varchar DEFAULT NULL, "created_at" datetime(6) NOT NULL, "updated_at" datetime(6) NOT NULL, "city_id" integer DEFAULT NULL, CONSTRAINT "fk_rails_7d07bf1fcc"
FOREIGN KEY ("city_id")
  REFERENCES "cities" ("id")
)[0m
  [1m[35m (0.3ms)[0m  [1m[35mCREATE INDEX "index_doctors_on_city_id" ON "doctors" ("city_id")[0m
  [1m[35m (0.1ms)[0m  [1m[32mINSERT INTO "doctors" ("id","first_name","last_name","speciality","zip_code","created_at","updated_at","city_id")
                     SELECT "id","first_name","last_name","speciality","zip_code","created_at","updated_at","city_id" FROM "adoctors"[0m
  [1m[35m (0.3ms)[0m  [1m[35mDROP TABLE "adoctors"[0m
  [1m[35m (0.1ms)[0m  [1m[35mPRAGMA defer_foreign_keys = 0[0m
  [1m[35m (0.1ms)[0m  [1m[35mPRAGMA foreign_keys = 1[0m
  [1m[35m (0.4ms)[0m  [1m[35mALTER TABLE "appointments" ADD "city_id" integer[0m
  [1m[35m (0.1ms)[0m  [1m[35mCREATE INDEX "index_appointments_on_city_id" ON "appointments" ("city_id")[0m
  [1m[35m (0.0ms)[0m  [1m[35mPRAGMA foreign_keys[0m
  [1m[35m (0.1ms)[0m  [1m[35mPRAGMA defer_foreign_keys[0m
  [1m[35m (0.3ms)[0m  [1m[35mPRAGMA defer_foreign_keys = ON[0m
  [1m[35m (0.1ms)[0m  [1m[35mPRAGMA foreign_keys = OFF[0m
  [1m[35m (0.2ms)[0m  [1m[35mCREATE TEMPORARY TABLE "aappointments" ("id" integer NOT NULL PRIMARY KEY, "date" datetime(6) DEFAULT NULL, "doctor_id" integer DEFAULT NULL, "patient_id" integer DEFAULT NULL, "created_at" datetime(6) NOT NULL, "updated_at" datetime(6) NOT NULL, "cities_id" integer DEFAULT NULL, "city_id" integer DEFAULT NULL)[0m
  [1m[35m (0.2ms)[0m  [1m[35mCREATE INDEX "tindex_aappointments_on_city_id" ON "aappointments" ("city_id")[0m
  [1m[35m (0.1ms)[0m  [1m[35mCREATE INDEX "tindex_aappointments_on_cities_id" ON "aappointments" ("cities_id")[0m
  [1m[35m (0.3ms)[0m  [1m[35mCREATE INDEX "tindex_aappointments_on_patient_id" ON "aappointments" ("patient_id")[0m
  [1m[35m (0.2ms)[0m  [1m[35mCREATE INDEX "tindex_aappointments_on_doctor_id" ON "aappointments" ("doctor_id")[0m
  [1m[35m (0.1ms)[0m  [1m[32mINSERT INTO "aappointments" ("id","date","doctor_id","patient_id","created_at","updated_at","cities_id","city_id")
                     SELECT "id","date","doctor_id","patient_id","created_at","updated_at","cities_id","city_id" FROM "appointments"[0m
  [1m[35m (0.5ms)[0m  [1m[35mDROP TABLE "appointments"[0m
  [1m[35m (0.3ms)[0m  [1m[35mCREATE TABLE "appointments" ("id" integer NOT NULL PRIMARY KEY, "date" datetime(6) DEFAULT NULL, "doctor_id" integer DEFAULT NULL, "patient_id" integer DEFAULT NULL, "created_at" datetime(6) NOT NULL, "updated_at" datetime(6) NOT NULL, "cities_id" integer DEFAULT NULL, "city_id" integer DEFAULT NULL, CONSTRAINT "fk_rails_e0ecbc29d6"
FOREIGN KEY ("cities_id")
  REFERENCES "cities" ("id")
, CONSTRAINT "fk_rails_fecccdeb72"
FOREIGN KEY ("city_id")
  REFERENCES "cities" ("id")
)[0m
  [1m[35m (0.1ms)[0m  [1m[35mCREATE INDEX "index_appointments_on_doctor_id" ON "appointments" ("doctor_id")[0m
  [1m[35m (0.1ms)[0m  [1m[35mCREATE INDEX "index_appointments_on_patient_id" ON "appointments" ("patient_id")[0m
  [1m[35m (0.1ms)[0m  [1m[35mCREATE INDEX "index_appointments_on_cities_id" ON "appointments" ("cities_id")[0m
  [1m[35m (0.1ms)[0m  [1m[35mCREATE INDEX "index_appointments_on_city_id" ON "appointments" ("city_id")[0m
  [1m[35m (0.1ms)[0m  [1m[32mINSERT INTO "appointments" ("id","date","doctor_id","patient_id","created_at","updated_at","cities_id","city_id")
                     SELECT "id","date","doctor_id","patient_id","created_at","updated_at","cities_id","city_id" FROM "aappointments"[0m
  [1m[35m (0.4ms)[0m  [1m[35mDROP TABLE "aappointments"[0m
  [1m[35m (0.0ms)[0m  [1m[35mPRAGMA defer_foreign_keys = 0[0m
  [1m[35m (0.0ms)[0m  [1m[35mPRAGMA foreign_keys = 1[0m
  [1m[36mActiveRecord::SchemaMigration Create (0.3ms)[0m  [1m[32mINSERT INTO "schema_migrations" ("version") VALUES (?)[0m  [["version", "20230504180412"]]
  [1m[36mTRANSACTION (1.2ms)[0m  [1m[36mcommit transaction[0m
  [1m[36mActiveRecord::InternalMetadata Load (0.2ms)[0m  [1m[34mSELECT "ar_internal_metadata".* FROM "ar_internal_metadata" WHERE "ar_internal_metadata"."key" = ? LIMIT ?[0m  [["key", "environment"], ["LIMIT", 1]]
  [1m[36mActiveRecord::SchemaMigration Pluck (0.1ms)[0m  [1m[34mSELECT "schema_migrations"."version" FROM "schema_migrations" ORDER BY "schema_migrations"."version" ASC[0m
  [1m[36mActiveRecord::SchemaMigration Pluck (0.2ms)[0m  [1m[34mSELECT "schema_migrations"."version" FROM "schema_migrations" ORDER BY "schema_migrations"."version" ASC[0m
Migrating to Removespecialty2 (20230504181049)
  [1m[36mTRANSACTION (0.1ms)[0m  [1m[36mbegin transaction[0m
  [1m[35m (0.0ms)[0m  [1m[35mPRAGMA foreign_keys[0m
  [1m[35m (0.0ms)[0m  [1m[35mPRAGMA defer_foreign_keys[0m
  [1m[35m (0.0ms)[0m  [1m[35mPRAGMA defer_foreign_keys = ON[0m
  [1m[35m (0.0ms)[0m  [1m[35mPRAGMA foreign_keys = OFF[0m
  [1m[35m (0.3ms)[0m  [1m[35mCREATE TEMPORARY TABLE "adoctors" ("id" integer NOT NULL PRIMARY KEY, "first_name" varchar DEFAULT NULL, "last_name" varchar DEFAULT NULL, "speciality" varchar DEFAULT NULL, "zip_code" varchar DEFAULT NULL, "created_at" datetime(6) NOT NULL, "updated_at" datetime(6) NOT NULL, "city_id" integer DEFAULT NULL)[0m
  [1m[35m (0.6ms)[0m  [1m[35mCREATE INDEX "tindex_adoctors_on_city_id" ON "adoctors" ("city_id")[0m
  [1m[35m (0.1ms)[0m  [1m[32mINSERT INTO "adoctors" ("id","first_name","last_name","speciality","zip_code","created_at","updated_at","city_id")
                     SELECT "id","first_name","last_name","speciality","zip_code","created_at","updated_at","city_id" FROM "doctors"[0m
  [1m[35m (0.6ms)[0m  [1m[35mDROP TABLE "doctors"[0m
  [1m[35m (0.8ms)[0m  [1m[35mCREATE TABLE "doctors" ("id" integer NOT NULL PRIMARY KEY, "first_name" varchar DEFAULT NULL, "last_name" varchar DEFAULT NULL, "zip_code" varchar DEFAULT NULL, "created_at" datetime(6) NOT NULL, "updated_at" datetime(6) NOT NULL, "city_id" integer DEFAULT NULL, CONSTRAINT "fk_rails_7d07bf1fcc"
FOREIGN KEY ("city_id")
  REFERENCES "cities" ("id")
)[0m
  [1m[35m (0.3ms)[0m  [1m[35mCREATE INDEX "index_doctors_on_city_id" ON "doctors" ("city_id")[0m
  [1m[35m (0.2ms)[0m  [1m[32mINSERT INTO "doctors" ("id","first_name","last_name","zip_code","created_at","updated_at","city_id")
                     SELECT "id","first_name","last_name","zip_code","created_at","updated_at","city_id" FROM "adoctors"[0m
  [1m[35m (0.2ms)[0m  [1m[35mDROP TABLE "adoctors"[0m
  [1m[35m (0.1ms)[0m  [1m[35mPRAGMA defer_foreign_keys = 0[0m
  [1m[35m (0.1ms)[0m  [1m[35mPRAGMA foreign_keys = 1[0m
  [1m[36mActiveRecord::SchemaMigration Create (0.2ms)[0m  [1m[32mINSERT INTO "schema_migrations" ("version") VALUES (?)[0m  [["version", "20230504181049"]]
  [1m[36mTRANSACTION (0.9ms)[0m  [1m[36mcommit transaction[0m
  [1m[36mActiveRecord::InternalMetadata Load (0.1ms)[0m  [1m[34mSELECT "ar_internal_metadata".* FROM "ar_internal_metadata" WHERE "ar_internal_metadata"."key" = ? LIMIT ?[0m  [["key", "environment"], ["LIMIT", 1]]
  [1m[36mActiveRecord::SchemaMigration Pluck (0.1ms)[0m  [1m[34mSELECT "schema_migrations"."version" FROM "schema_migrations" ORDER BY "schema_migrations"."version" ASC[0m
  [1m[36mActiveRecord::SchemaMigration Pluck (0.2ms)[0m  [1m[34mSELECT "schema_migrations"."version" FROM "schema_migrations" ORDER BY "schema_migrations"."version" ASC[0m
Migrating to Removescities (20230504181547)
  [1m[36mTRANSACTION (0.1ms)[0m  [1m[36mbegin transaction[0m
  [1m[35m (0.0ms)[0m  [1m[35mPRAGMA foreign_keys[0m
  [1m[35m (0.1ms)[0m  [1m[35mPRAGMA defer_foreign_keys[0m
  [1m[35m (0.1ms)[0m  [1m[35mPRAGMA defer_foreign_keys = ON[0m
  [1m[35m (0.1ms)[0m  [1m[35mPRAGMA foreign_keys = OFF[0m
  [1m[35m (0.9ms)[0m  [1m[35mCREATE TEMPORARY TABLE "aappointments" ("id" integer NOT NULL PRIMARY KEY, "date" datetime(6) DEFAULT NULL, "doctor_id" integer DEFAULT NULL, "patient_id" integer DEFAULT NULL, "created_at" datetime(6) NOT NULL, "updated_at" datetime(6) NOT NULL, "cities_id" integer DEFAULT NULL, "city_id" integer DEFAULT NULL)[0m
  [1m[35m (0.4ms)[0m  [1m[35mCREATE INDEX "tindex_aappointments_on_city_id" ON "aappointments" ("city_id")[0m
  [1m[35m (0.2ms)[0m  [1m[35mCREATE INDEX "tindex_aappointments_on_cities_id" ON "aappointments" ("cities_id")[0m
  [1m[35m (0.1ms)[0m  [1m[35mCREATE INDEX "tindex_aappointments_on_patient_id" ON "aappointments" ("patient_id")[0m
  [1m[35m (0.1ms)[0m  [1m[35mCREATE INDEX "tindex_aappointments_on_doctor_id" ON "aappointments" ("doctor_id")[0m
  [1m[35m (1.7ms)[0m  [1m[32mINSERT INTO "aappointments" ("id","date","doctor_id","patient_id","created_at","updated_at","cities_id","city_id")
                     SELECT "id","date","doctor_id","patient_id","created_at","updated_at","cities_id","city_id" FROM "appointments"[0m
  [1m[35m (4.2ms)[0m  [1m[35mDROP TABLE "appointments"[0m
  [1m[35m (0.3ms)[0m  [1m[35mCREATE TABLE "appointments" ("id" integer NOT NULL PRIMARY KEY, "date" datetime(6) DEFAULT NULL, "doctor_id" integer DEFAULT NULL, "patient_id" integer DEFAULT NULL, "created_at" datetime(6) NOT NULL, "updated_at" datetime(6) NOT NULL, "city_id" integer DEFAULT NULL, CONSTRAINT "fk_rails_fecccdeb72"
FOREIGN KEY ("city_id")
  REFERENCES "cities" ("id")
)[0m
  [1m[35m (0.2ms)[0m  [1m[35mCREATE INDEX "index_appointments_on_doctor_id" ON "appointments" ("doctor_id")[0m
  [1m[35m (0.1ms)[0m  [1m[35mCREATE INDEX "index_appointments_on_patient_id" ON "appointments" ("patient_id")[0m
  [1m[35m (0.2ms)[0m  [1m[35mCREATE INDEX "index_appointments_on_city_id" ON "appointments" ("city_id")[0m
  [1m[35m (0.1ms)[0m  [1m[32mINSERT INTO "appointments" ("id","date","doctor_id","patient_id","created_at","updated_at","city_id")
                     SELECT "id","date","doctor_id","patient_id","created_at","updated_at","city_id" FROM "aappointments"[0m
  [1m[35m (0.2ms)[0m  [1m[35mDROP TABLE "aappointments"[0m
  [1m[35m (0.0ms)[0m  [1m[35mPRAGMA defer_foreign_keys = 0[0m
  [1m[35m (0.1ms)[0m  [1m[35mPRAGMA foreign_keys = 1[0m
  [1m[36mActiveRecord::SchemaMigration Create (1.9ms)[0m  [1m[32mINSERT INTO "schema_migrations" ("version") VALUES (?)[0m  [["version", "20230504181547"]]
  [1m[36mTRANSACTION (1.4ms)[0m  [1m[36mcommit transaction[0m
  [1m[36mActiveRecord::InternalMetadata Load (0.7ms)[0m  [1m[34mSELECT "ar_internal_metadata".* FROM "ar_internal_metadata" WHERE "ar_internal_metadata"."key" = ? LIMIT ?[0m  [["key", "environment"], ["LIMIT", 1]]
  [1m[36mActiveRecord::SchemaMigration Pluck (0.1ms)[0m  [1m[34mSELECT "schema_migrations"."version" FROM "schema_migrations" ORDER BY "schema_migrations"."version" ASC[0m
  [1m[36mActiveRecord::SchemaMigration Pluck (0.2ms)[0m  [1m[34mSELECT "schema_migrations"."version" FROM "schema_migrations" ORDER BY "schema_migrations"."version" ASC[0m
  [1m[36mTRANSACTION (0.1ms)[0m  [1m[36mbegin transaction[0m
  [1m[36mSpecialty Create (0.5ms)[0m  [1m[32mINSERT INTO "specialties" ("name", "created_at", "updated_at") VALUES (?, ?, ?)[0m  [["name", "Psychologue"], ["created_at", "2023-05-04 18:24:52.701907"], ["updated_at", "2023-05-04 18:24:52.701907"]]
  [1m[36mTRANSACTION (1.1ms)[0m  [1m[36mcommit transaction[0m
  [1m[36mTRANSACTION (0.1ms)[0m  [1m[36mbegin transaction[0m
  [1m[36mSpecialty Create (0.9ms)[0m  [1m[32mINSERT INTO "specialties" ("name", "created_at", "updated_at") VALUES (?, ?, ?)[0m  [["name", "Radiologue"], ["created_at", "2023-05-04 18:24:52.706566"], ["updated_at", "2023-05-04 18:24:52.706566"]]
  [1m[36mTRANSACTION (1.4ms)[0m  [1m[36mcommit transaction[0m
  [1m[36mTRANSACTION (0.1ms)[0m  [1m[36mbegin transaction[0m
  [1m[36mSpecialty Create (0.3ms)[0m  [1m[32mINSERT INTO "specialties" ("name", "created_at", "updated_at") VALUES (?, ?, ?)[0m  [["name", "Généraliste"], ["created_at", "2023-05-04 18:24:52.713497"], ["updated_at", "2023-05-04 18:24:52.713497"]]
  [1m[36mTRANSACTION (0.6ms)[0m  [1m[36mcommit transaction[0m
  [1m[36mActiveRecord::SchemaMigration Pluck (0.5ms)[0m  [1m[34mSELECT "schema_migrations"."version" FROM "schema_migrations" ORDER BY "schema_migrations"."version" ASC[0m
  [1m[36mActiveRecord::SchemaMigration Pluck (0.4ms)[0m  [1m[34mSELECT "schema_migrations"."version" FROM "schema_migrations" ORDER BY "schema_migrations"."version" ASC[0m
  [1m[36mActiveRecord::SchemaMigration Pluck (0.2ms)[0m  [1m[34mSELECT "schema_migrations"."version" FROM "schema_migrations" ORDER BY "schema_migrations"."version" ASC[0m
Migrating to CreateJoinTableSpecialtyDoctors (20230504183730)
  [1m[36mTRANSACTION (1.2ms)[0m  [1m[36mbegin transaction[0m
  [1m[35m (3.0ms)[0m  [1m[35mALTER TABLE "doctors" ADD "join_table_specialty_doctors_id" integer[0m
  [1m[35m (10.5ms)[0m  [1m[35mCREATE INDEX "index_doctors_on_join_table_specialty_doctors_id" ON "doctors" ("join_table_specialty_doctors_id")[0m
  [1m[35m (0.1ms)[0m  [1m[35mPRAGMA foreign_keys[0m
  [1m[35m (0.1ms)[0m  [1m[35mPRAGMA defer_foreign_keys[0m
  [1m[35m (0.1ms)[0m  [1m[35mPRAGMA defer_foreign_keys = ON[0m
  [1m[35m (0.1ms)[0m  [1m[35mPRAGMA foreign_keys = OFF[0m
  [1m[35m (0.5ms)[0m  [1m[35mCREATE TEMPORARY TABLE "adoctors" ("id" integer NOT NULL PRIMARY KEY, "first_name" varchar DEFAULT NULL, "last_name" varchar DEFAULT NULL, "zip_code" varchar DEFAULT NULL, "created_at" datetime(6) NOT NULL, "updated_at" datetime(6) NOT NULL, "city_id" integer DEFAULT NULL, "join_table_specialty_doctors_id" integer DEFAULT NULL)[0m
  [1m[35m (0.3ms)[0m  [1m[35mCREATE INDEX "tindex_adoctors_on_join_table_specialty_adoctors_id" ON "adoctors" ("join_table_specialty_doctors_id")[0m
  [1m[35m (0.1ms)[0m  [1m[35mCREATE INDEX "tindex_adoctors_on_city_id" ON "adoctors" ("city_id")[0m
  [1m[35m (0.6ms)[0m  [1m[32mINSERT INTO "adoctors" ("id","first_name","last_name","zip_code","created_at","updated_at","city_id","join_table_specialty_doctors_id")
                     SELECT "id","first_name","last_name","zip_code","created_at","updated_at","city_id","join_table_specialty_doctors_id" FROM "doctors"[0m
  [1m[35m (0.6ms)[0m  [1m[35mDROP TABLE "doctors"[0m
  [1m[35m (0.3ms)[0m  [1m[35mCREATE TABLE "doctors" ("id" integer NOT NULL PRIMARY KEY, "first_name" varchar DEFAULT NULL, "last_name" varchar DEFAULT NULL, "zip_code" varchar DEFAULT NULL, "created_at" datetime(6) NOT NULL, "updated_at" datetime(6) NOT NULL, "city_id" integer DEFAULT NULL, "join_table_specialty_doctors_id" integer DEFAULT NULL, CONSTRAINT "fk_rails_7d07bf1fcc"
FOREIGN KEY ("city_id")
  REFERENCES "cities" ("id")
, CONSTRAINT "fk_rails_ae28c01370"
FOREIGN KEY ("join_table_specialty_doctors_id")
  REFERENCES "join_table_specialty_doctors" ("id")
)[0m
  [1m[35m (0.1ms)[0m  [1m[35mCREATE INDEX "index_doctors_on_city_id" ON "doctors" ("city_id")[0m
  [1m[35m (0.4ms)[0m  [1m[35mCREATE INDEX "index_doctors_on_join_table_specialty_doctors_id" ON "doctors" ("join_table_specialty_doctors_id")[0m
  [1m[35m (0.4ms)[0m  [1m[32mINSERT INTO "doctors" ("id","first_name","last_name","zip_code","created_at","updated_at","city_id","join_table_specialty_doctors_id")
                     SELECT "id","first_name","last_name","zip_code","created_at","updated_at","city_id","join_table_specialty_doctors_id" FROM "adoctors"[0m
  [1m[35m (0.1ms)[0m  [1m[35mPRAGMA defer_foreign_keys = 0[0m
  [1m[35m (0.1ms)[0m  [1m[35mPRAGMA foreign_keys = 1[0m
  [1m[36mTRANSACTION (1.4ms)[0m  [1m[31mrollback transaction[0m
  [1m[36mActiveRecord::SchemaMigration Pluck (0.2ms)[0m  [1m[34mSELECT "schema_migrations"."version" FROM "schema_migrations" ORDER BY "schema_migrations"."version" ASC[0m
  [1m[36mActiveRecord::SchemaMigration Pluck (0.2ms)[0m  [1m[34mSELECT "schema_migrations"."version" FROM "schema_migrations" ORDER BY "schema_migrations"."version" ASC[0m
Migrating to CreateJoinTableSpecialtyDoctors (20230504183730)
  [1m[36mTRANSACTION (0.1ms)[0m  [1m[36mbegin transaction[0m
  [1m[35m (0.7ms)[0m  [1m[35mALTER TABLE "doctors" ADD "join_table_specialty_doctors_id" integer[0m
  [1m[35m (0.2ms)[0m  [1m[35mCREATE INDEX "index_doctors_on_join_table_specialty_doctors_id" ON "doctors" ("join_table_specialty_doctors_id")[0m
  [1m[35m (0.0ms)[0m  [1m[35mPRAGMA foreign_keys[0m
  [1m[35m (0.0ms)[0m  [1m[35mPRAGMA defer_foreign_keys[0m
  [1m[35m (0.1ms)[0m  [1m[35mPRAGMA defer_foreign_keys = ON[0m
  [1m[35m (0.0ms)[0m  [1m[35mPRAGMA foreign_keys = OFF[0m
  [1m[35m (0.3ms)[0m  [1m[35mCREATE TEMPORARY TABLE "adoctors" ("id" integer NOT NULL PRIMARY KEY, "first_name" varchar DEFAULT NULL, "last_name" varchar DEFAULT NULL, "zip_code" varchar DEFAULT NULL, "created_at" datetime(6) NOT NULL, "updated_at" datetime(6) NOT NULL, "city_id" integer DEFAULT NULL, "join_table_specialty_doctors_id" integer DEFAULT NULL)[0m
  [1m[35m (1.0ms)[0m  [1m[35mCREATE INDEX "tindex_adoctors_on_join_table_specialty_adoctors_id" ON "adoctors" ("join_table_specialty_doctors_id")[0m
  [1m[35m (0.1ms)[0m  [1m[35mCREATE INDEX "tindex_adoctors_on_city_id" ON "adoctors" ("city_id")[0m
  [1m[35m (0.1ms)[0m  [1m[32mINSERT INTO "adoctors" ("id","first_name","last_name","zip_code","created_at","updated_at","city_id","join_table_specialty_doctors_id")
                     SELECT "id","first_name","last_name","zip_code","created_at","updated_at","city_id","join_table_specialty_doctors_id" FROM "doctors"[0m
  [1m[35m (0.3ms)[0m  [1m[35mDROP TABLE "doctors"[0m
  [1m[35m (0.3ms)[0m  [1m[35mCREATE TABLE "doctors" ("id" integer NOT NULL PRIMARY KEY, "first_name" varchar DEFAULT NULL, "last_name" varchar DEFAULT NULL, "zip_code" varchar DEFAULT NULL, "created_at" datetime(6) NOT NULL, "updated_at" datetime(6) NOT NULL, "city_id" integer DEFAULT NULL, "join_table_specialty_doctors_id" integer DEFAULT NULL, CONSTRAINT "fk_rails_7d07bf1fcc"
FOREIGN KEY ("city_id")
  REFERENCES "cities" ("id")
, CONSTRAINT "fk_rails_ae28c01370"
FOREIGN KEY ("join_table_specialty_doctors_id")
  REFERENCES "join_table_specialty_doctors" ("id")
)[0m
  [1m[35m (0.1ms)[0m  [1m[35mCREATE INDEX "index_doctors_on_city_id" ON "doctors" ("city_id")[0m
  [1m[35m (0.1ms)[0m  [1m[35mCREATE INDEX "index_doctors_on_join_table_specialty_doctors_id" ON "doctors" ("join_table_specialty_doctors_id")[0m
  [1m[35m (0.6ms)[0m  [1m[32mINSERT INTO "doctors" ("id","first_name","last_name","zip_code","created_at","updated_at","city_id","join_table_specialty_doctors_id")
                     SELECT "id","first_name","last_name","zip_code","created_at","updated_at","city_id","join_table_specialty_doctors_id" FROM "adoctors"[0m
  [1m[35m (0.1ms)[0m  [1m[35mPRAGMA defer_foreign_keys = 0[0m
  [1m[35m (0.1ms)[0m  [1m[35mPRAGMA foreign_keys = 1[0m
  [1m[36mTRANSACTION (1.8ms)[0m  [1m[31mrollback transaction[0m
  [1m[36mActiveRecord::SchemaMigration Pluck (0.1ms)[0m  [1m[34mSELECT "schema_migrations"."version" FROM "schema_migrations" ORDER BY "schema_migrations"."version" ASC[0m
Migrating to CreateJoinTableSpecialtyDoctors (20230504183730)
  [1m[36mTRANSACTION (0.1ms)[0m  [1m[36mbegin transaction[0m
  [1m[35m (27.2ms)[0m  [1m[35mCREATE TABLE "join_table_specialty_doctors" ("id" integer PRIMARY KEY AUTOINCREMENT NOT NULL, "created_at" datetime(6) NOT NULL, "updated_at" datetime(6) NOT NULL)[0m
  [1m[36mActiveRecord::SchemaMigration Create (0.2ms)[0m  [1m[32mINSERT INTO "schema_migrations" ("version") VALUES (?)[0m  [["version", "20230504183730"]]
  [1m[36mTRANSACTION (2.1ms)[0m  [1m[36mcommit transaction[0m
  [1m[36mActiveRecord::InternalMetadata Load (0.2ms)[0m  [1m[34mSELECT "ar_internal_metadata".* FROM "ar_internal_metadata" WHERE "ar_internal_metadata"."key" = ? LIMIT ?[0m  [["key", "environment"], ["LIMIT", 1]]
  [1m[36mActiveRecord::SchemaMigration Pluck (0.1ms)[0m  [1m[34mSELECT "schema_migrations"."version" FROM "schema_migrations" ORDER BY "schema_migrations"."version" ASC[0m
  [1m[36mActiveRecord::SchemaMigration Pluck (0.4ms)[0m  [1m[34mSELECT "schema_migrations"."version" FROM "schema_migrations" ORDER BY "schema_migrations"."version" ASC[0m
Migrating to Id (20230504190135)
  [1m[36mTRANSACTION (0.1ms)[0m  [1m[36mbegin transaction[0m
  [1m[35m (0.7ms)[0m  [1m[35mALTER TABLE "join_table_specialty_doctors" ADD "doctor_id" integer[0m
  [1m[35m (0.4ms)[0m  [1m[35mCREATE INDEX "index_join_table_specialty_doctors_on_doctor_id" ON "join_table_specialty_doctors" ("doctor_id")[0m
  [1m[35m (0.0ms)[0m  [1m[35mPRAGMA foreign_keys[0m
  [1m[35m (0.1ms)[0m  [1m[35mPRAGMA defer_foreign_keys[0m
  [1m[35m (0.0ms)[0m  [1m[35mPRAGMA defer_foreign_keys = ON[0m
  [1m[35m (0.0ms)[0m  [1m[35mPRAGMA foreign_keys = OFF[0m
  [1m[35m (0.1ms)[0m  [1m[35mCREATE TEMPORARY TABLE "ajoin_table_specialty_doctors" ("id" integer NOT NULL PRIMARY KEY, "created_at" datetime(6) NOT NULL, "updated_at" datetime(6) NOT NULL, "doctor_id" integer DEFAULT NULL)[0m
  [1m[35m (0.3ms)[0m  [1m[35mCREATE INDEX "tindex_ajoin_table_specialty_doctors_on_doctor_id" ON "ajoin_table_specialty_doctors" ("doctor_id")[0m
  [1m[35m (0.1ms)[0m  [1m[32mINSERT INTO "ajoin_table_specialty_doctors" ("id","created_at","updated_at","doctor_id")
                     SELECT "id","created_at","updated_at","doctor_id" FROM "join_table_specialty_doctors"[0m
  [1m[35m (3.4ms)[0m  [1m[35mDROP TABLE "join_table_specialty_doctors"[0m
  [1m[35m (0.1ms)[0m  [1m[35mCREATE TABLE "join_table_specialty_doctors" ("id" integer NOT NULL PRIMARY KEY, "created_at" datetime(6) NOT NULL, "updated_at" datetime(6) NOT NULL, "doctor_id" integer DEFAULT NULL, CONSTRAINT "fk_rails_5aeeb821db"
FOREIGN KEY ("doctor_id")
  REFERENCES "doctors" ("id")
)[0m
  [1m[35m (0.1ms)[0m  [1m[35mCREATE INDEX "index_join_table_specialty_doctors_on_doctor_id" ON "join_table_specialty_doctors" ("doctor_id")[0m
  [1m[35m (0.1ms)[0m  [1m[32mINSERT INTO "join_table_specialty_doctors" ("id","created_at","updated_at","doctor_id")
                     SELECT "id","created_at","updated_at","doctor_id" FROM "ajoin_table_specialty_doctors"[0m
  [1m[35m (0.2ms)[0m  [1m[35mDROP TABLE "ajoin_table_specialty_doctors"[0m
  [1m[35m (0.1ms)[0m  [1m[35mPRAGMA defer_foreign_keys = 0[0m
  [1m[35m (0.0ms)[0m  [1m[35mPRAGMA foreign_keys = 1[0m
  [1m[35m (0.9ms)[0m  [1m[35mALTER TABLE "join_table_specialty_doctors" ADD "specialty_id" integer[0m
  [1m[35m (0.1ms)[0m  [1m[35mCREATE INDEX "index_join_table_specialty_doctors_on_specialty_id" ON "join_table_specialty_doctors" ("specialty_id")[0m
  [1m[35m (0.0ms)[0m  [1m[35mPRAGMA foreign_keys[0m
  [1m[35m (0.0ms)[0m  [1m[35mPRAGMA defer_foreign_keys[0m
  [1m[35m (0.0ms)[0m  [1m[35mPRAGMA defer_foreign_keys = ON[0m
  [1m[35m (0.0ms)[0m  [1m[35mPRAGMA foreign_keys = OFF[0m
  [1m[35m (0.1ms)[0m  [1m[35mCREATE TEMPORARY TABLE "ajoin_table_specialty_doctors" ("id" integer NOT NULL PRIMARY KEY, "created_at" datetime(6) NOT NULL, "updated_at" datetime(6) NOT NULL, "doctor_id" integer DEFAULT NULL, "specialty_id" integer DEFAULT NULL)[0m
  [1m[35m (0.1ms)[0m  [1m[35mCREATE INDEX "tindex_ajoin_table_specialty_doctors_on_specialty_id" ON "ajoin_table_specialty_doctors" ("specialty_id")[0m
  [1m[35m (0.2ms)[0m  [1m[35mCREATE INDEX "tindex_ajoin_table_specialty_doctors_on_doctor_id" ON "ajoin_table_specialty_doctors" ("doctor_id")[0m
  [1m[35m (0.0ms)[0m  [1m[32mINSERT INTO "ajoin_table_specialty_doctors" ("id","created_at","updated_at","doctor_id","specialty_id")
                     SELECT "id","created_at","updated_at","doctor_id","specialty_id" FROM "join_table_specialty_doctors"[0m
  [1m[35m (0.2ms)[0m  [1m[35mDROP TABLE "join_table_specialty_doctors"[0m
  [1m[35m (1.7ms)[0m  [1m[35mCREATE TABLE "join_table_specialty_doctors" ("id" integer NOT NULL PRIMARY KEY, "created_at" datetime(6) NOT NULL, "updated_at" datetime(6) NOT NULL, "doctor_id" integer DEFAULT NULL, "specialty_id" integer DEFAULT NULL, CONSTRAINT "fk_rails_5aeeb821db"
FOREIGN KEY ("doctor_id")
  REFERENCES "doctors" ("id")
, CONSTRAINT "fk_rails_852989e695"
FOREIGN KEY ("specialty_id")
  REFERENCES "specialties" ("id")
)[0m
  [1m[35m (0.3ms)[0m  [1m[35mCREATE INDEX "index_join_table_specialty_doctors_on_doctor_id" ON "join_table_specialty_doctors" ("doctor_id")[0m
  [1m[35m (0.2ms)[0m  [1m[35mCREATE INDEX "index_join_table_specialty_doctors_on_specialty_id" ON "join_table_specialty_doctors" ("specialty_id")[0m
  [1m[35m (0.1ms)[0m  [1m[32mINSERT INTO "join_table_specialty_doctors" ("id","created_at","updated_at","doctor_id","specialty_id")
                     SELECT "id","created_at","updated_at","doctor_id","specialty_id" FROM "ajoin_table_specialty_doctors"[0m
  [1m[35m (0.1ms)[0m  [1m[35mDROP TABLE "ajoin_table_specialty_doctors"[0m
  [1m[35m (0.0ms)[0m  [1m[35mPRAGMA defer_foreign_keys = 0[0m
  [1m[35m (0.0ms)[0m  [1m[35mPRAGMA foreign_keys = 1[0m
  [1m[36mActiveRecord::SchemaMigration Create (1.6ms)[0m  [1m[32mINSERT INTO "schema_migrations" ("version") VALUES (?)[0m  [["version", "20230504190135"]]
  [1m[36mTRANSACTION (1.1ms)[0m  [1m[36mcommit transaction[0m
  [1m[36mActiveRecord::InternalMetadata Load (1.0ms)[0m  [1m[34mSELECT "ar_internal_metadata".* FROM "ar_internal_metadata" WHERE "ar_internal_metadata"."key" = ? LIMIT ?[0m  [["key", "environment"], ["LIMIT", 1]]
  [1m[36mActiveRecord::SchemaMigration Pluck (0.1ms)[0m  [1m[34mSELECT "schema_migrations"."version" FROM "schema_migrations" ORDER BY "schema_migrations"."version" ASC[0m
  [1m[36mDoctor Load (0.5ms)[0m  [1m[34mSELECT "doctors".* FROM "doctors" WHERE "doctors"."id" = ? LIMIT ?[0m  [["id", 1], ["LIMIT", 1]]
  [1m[36mSpecialty Load (0.1ms)[0m  [1m[34mSELECT "specialties".* FROM "specialties" WHERE "specialties"."id" = ? LIMIT ?[0m  [["id", 3], ["LIMIT", 1]]
  [1m[36mTRANSACTION (0.1ms)[0m  [1m[36mbegin transaction[0m
  [1m[36mJoinTableSpecialtyDoctor Create (0.6ms)[0m  [1m[32mINSERT INTO "join_table_specialty_doctors" ("created_at", "updated_at", "doctor_id", "specialty_id") VALUES (?, ?, ?, ?)[0m  [["created_at", "2023-05-04 19:23:54.354091"], ["updated_at", "2023-05-04 19:23:54.354091"], ["doctor_id", 1], ["specialty_id", 3]]
  [1m[36mTRANSACTION (1.0ms)[0m  [1m[36mcommit transaction[0m
